0 info it worked if it ends with ok
1 verbose cli [ 'node', '/usr/local/bin/npm', 'install', '-g', 'ios-sim' ]
2 info using npm@1.4.9
3 info using node@v0.10.30
4 verbose node symlink /usr/local/bin/node
5 verbose cache add [ 'ios-sim', null ]
6 verbose cache add name=undefined spec="ios-sim" args=["ios-sim",null]
7 verbose parsed url { protocol: null,
7 verbose parsed url   slashes: null,
7 verbose parsed url   auth: null,
7 verbose parsed url   host: null,
7 verbose parsed url   port: null,
7 verbose parsed url   hostname: null,
7 verbose parsed url   hash: null,
7 verbose parsed url   search: null,
7 verbose parsed url   query: null,
7 verbose parsed url   pathname: 'ios-sim',
7 verbose parsed url   path: 'ios-sim',
7 verbose parsed url   href: 'ios-sim' }
8 silly lockFile 6af69284-ios-sim ios-sim
9 verbose lock ios-sim /Users/dan/.npm/6af69284-ios-sim.lock
10 silly lockFile 6af69284-ios-sim ios-sim
11 silly lockFile 6af69284-ios-sim ios-sim
12 verbose addNamed [ 'ios-sim', '' ]
13 verbose addNamed [ null, '*' ]
14 silly lockFile 03dce7cc-ios-sim ios-sim@
15 verbose lock ios-sim@ /Users/dan/.npm/03dce7cc-ios-sim.lock
16 silly addNameRange { name: 'ios-sim', range: '*', hasData: false }
17 verbose url raw ios-sim
18 verbose url resolving [ 'https://registry.npmjs.org/', './ios-sim' ]
19 verbose url resolved https://registry.npmjs.org/ios-sim
20 info trying registry request attempt 1 at 19:50:15
21 http GET https://registry.npmjs.org/ios-sim
22 http 200 https://registry.npmjs.org/ios-sim
23 silly registry.get cb [ 200,
23 silly registry.get   { date: 'Sat, 09 Aug 2014 23:50:16 GMT',
23 silly registry.get     server: 'CouchDB/1.5.0 (Erlang OTP/R14B04)',
23 silly registry.get     etag: '"EY1TWYT31IWYNYGYFSOIWUW8P"',
23 silly registry.get     'content-type': 'application/json',
23 silly registry.get     'cache-control': 'max-age=60',
23 silly registry.get     'content-length': '10806',
23 silly registry.get     'accept-ranges': 'bytes',
23 silly registry.get     via: '1.1 varnish',
23 silly registry.get     age: '2093',
23 silly registry.get     'x-served-by': 'cache-iad2127-IAD',
23 silly registry.get     'x-cache': 'MISS',
23 silly registry.get     'x-cache-hits': '0',
23 silly registry.get     'x-timer': 'S1407628215.971381,VS0,VE51',
23 silly registry.get     vary: 'Accept',
23 silly registry.get     'keep-alive': 'timeout=10, max=50',
23 silly registry.get     connection: 'Keep-Alive' } ]
24 silly addNameRange number 2 { name: 'ios-sim', range: '*', hasData: true }
25 silly addNameRange versions [ 'ios-sim',
25 silly addNameRange   [ '1.8.0', '1.8.1', '1.8.2', '1.9.0', '2.0.0', '2.0.1' ] ]
26 verbose addNamed [ 'ios-sim', '2.0.1' ]
27 verbose addNamed [ '2.0.1', '2.0.1' ]
28 silly lockFile c13d98a8-ios-sim-2-0-1 ios-sim@2.0.1
29 verbose lock ios-sim@2.0.1 /Users/dan/.npm/c13d98a8-ios-sim-2-0-1.lock
30 silly lockFile 1e2961a4-js-org-ios-sim-ios-sim-2-0-1-tgz https://registry.npmjs.org/ios-sim/-/ios-sim-2.0.1.tgz
31 verbose lock https://registry.npmjs.org/ios-sim/-/ios-sim-2.0.1.tgz /Users/dan/.npm/1e2961a4-js-org-ios-sim-ios-sim-2-0-1-tgz.lock
32 verbose addRemoteTarball [ 'https://registry.npmjs.org/ios-sim/-/ios-sim-2.0.1.tgz',
32 verbose addRemoteTarball   '764ce4f069ba4b2301ce2e4ae539510e839c95d1' ]
33 info retry fetch attempt 1 at 19:50:16
34 verbose fetch to= /Users/dan/tmp/npm-4746-hrvK2Igg/1407628216297-0.6775570414029062/tmp.tgz
35 http GET https://registry.npmjs.org/ios-sim/-/ios-sim-2.0.1.tgz
36 http 200 https://registry.npmjs.org/ios-sim/-/ios-sim-2.0.1.tgz
37 verbose tar unpack /Users/dan/tmp/npm-4746-hrvK2Igg/1407628216297-0.6775570414029062/tmp.tgz
38 silly lockFile fba95371-rs-dan-npm-ios-sim-2-0-1-package tar:///Users/dan/.npm/ios-sim/2.0.1/package
39 verbose lock tar:///Users/dan/.npm/ios-sim/2.0.1/package /Users/dan/.npm/fba95371-rs-dan-npm-ios-sim-2-0-1-package.lock
40 silly lockFile 330d9877-16297-0-6775570414029062-tmp-tgz tar:///Users/dan/tmp/npm-4746-hrvK2Igg/1407628216297-0.6775570414029062/tmp.tgz
41 verbose lock tar:///Users/dan/tmp/npm-4746-hrvK2Igg/1407628216297-0.6775570414029062/tmp.tgz /Users/dan/.npm/330d9877-16297-0-6775570414029062-tmp-tgz.lock
42 silly gunzTarPerm modes [ '755', '644' ]
43 silly gunzTarPerm extractEntry package.json
44 silly gunzTarPerm extractEntry .npmignore
45 silly gunzTarPerm extractEntry README.md
46 silly gunzTarPerm extractEntry LICENSE
47 silly gunzTarPerm extractEntry CoreSimulator/CoreSimulator.h
48 silly gunzTarPerm extractEntry DVTiPhoneSimulatorRemoteClient/DVTiPhoneSimulatorRemoteClient.h
49 silly gunzTarPerm extractEntry CONTRIBUTING.md
50 silly gunzTarPerm extractEntry Rakefile
51 silly gunzTarPerm extractEntry Source/.npmignore
52 silly gunzTarPerm extractEntry Source/NSString+expandPath.h
53 silly gunzTarPerm extractEntry Source/NSString+expandPath.m
54 silly gunzTarPerm extractEntry Source/iPhoneSimulator.h
55 silly gunzTarPerm extractEntry Source/iPhoneSimulator.m
56 silly gunzTarPerm extractEntry Source/main.m
57 silly gunzTarPerm extractEntry Source/nsprintf.h
58 silly gunzTarPerm extractEntry Source/nsprintf.m
59 silly gunzTarPerm extractEntry Source/version.h
60 silly gunzTarPerm extractEntry ios-sim.xcodeproj/.npmignore
61 silly gunzTarPerm extractEntry ios-sim.xcodeproj/project.pbxproj
62 silly gunzTarPerm extractEntry ios-sim.xcodeproj/xcshareddata/xcschemes/ios-sim.xcscheme
63 silly gunzTarPerm extractEntry ios-sim_Prefix.pch
64 silly gunzTarPerm extractEntry README.template.md
65 silly lockFile fba95371-rs-dan-npm-ios-sim-2-0-1-package tar:///Users/dan/.npm/ios-sim/2.0.1/package
66 silly lockFile fba95371-rs-dan-npm-ios-sim-2-0-1-package tar:///Users/dan/.npm/ios-sim/2.0.1/package
67 silly lockFile 330d9877-16297-0-6775570414029062-tmp-tgz tar:///Users/dan/tmp/npm-4746-hrvK2Igg/1407628216297-0.6775570414029062/tmp.tgz
68 silly lockFile 330d9877-16297-0-6775570414029062-tmp-tgz tar:///Users/dan/tmp/npm-4746-hrvK2Igg/1407628216297-0.6775570414029062/tmp.tgz
69 silly lockFile 1e2961a4-js-org-ios-sim-ios-sim-2-0-1-tgz https://registry.npmjs.org/ios-sim/-/ios-sim-2.0.1.tgz
70 silly lockFile 1e2961a4-js-org-ios-sim-ios-sim-2-0-1-tgz https://registry.npmjs.org/ios-sim/-/ios-sim-2.0.1.tgz
71 silly lockFile c13d98a8-ios-sim-2-0-1 ios-sim@2.0.1
72 silly lockFile c13d98a8-ios-sim-2-0-1 ios-sim@2.0.1
73 silly lockFile 03dce7cc-ios-sim ios-sim@
74 silly lockFile 03dce7cc-ios-sim ios-sim@
75 silly resolved [ { name: 'ios-sim',
75 silly resolved     version: '2.0.1',
75 silly resolved     description: 'launch iOS apps into the iOS Simulator from the command line (Xcode 5.1)',
75 silly resolved     main: 'ios-sim',
75 silly resolved     scripts: { preinstall: 'rake build' },
75 silly resolved     bin: { 'ios-sim': 'build/Release/ios-sim' },
75 silly resolved     repository: { type: 'git', url: 'https://github.com/phonegap/ios-sim' },
75 silly resolved     keywords: [ 'ios-sim', 'iOS Simulator' ],
75 silly resolved     author: { name: 'Landon Fuller, Jeff Haynie, Eloy Duran, Shazron Abdullah' },
75 silly resolved     license: 'MIT',
75 silly resolved     readme: 'ios-sim\n=======\n\nThe ios-sim tool is a command-line utility that launches an iOS application on\nthe iOS Simulator. This allows for niceties such as automated testing without\nhaving to open XCode.\n\nFeatures\n--------\n\n* Choose the device family to simulate, i.e. iPhone or iPad.\n* Setup environment variables.\n* Pass arguments to the application.\n* See the stdout and stderr, or redirect them to files.\n\nSee the `--help` option for more info.\n\nUsage\n-----\n\n```\nUsage: ios-sim <command> <options> [--args ...]\n\nCommands:\n  showsdks                        List the available iOS SDK versions\n  launch <application path>       Launch the application at the specified path on the iOS Simulator\n  start                           Launch iOS Simulator without an app\n\nOptions:\n  --version                       Print the version of ios-sim\n  --help                          Show this help text\n  --verbose                       Set the output level to verbose\n  --exit                          Exit after startup\n  --debug                         Attach LLDB to the application on startup\n  --use-gdb                       Use GDB instead of LLDB. (Requires --debug)\n  --sdk <sdkversion>              The iOS SDK version to run the application on (defaults to the latest)\n  --family <device family>        The device type that should be simulated (defaults to `iphone\')\n  --retina                        Start a retina device\n  --tall                          In combination with --retina flag, start the tall version of the retina device (e.g. iPhone 5 (4-inch))\n  --uuid <uuid>                   A UUID identifying the session (is that correct?)\n  --env <environment file path>   A plist file containing environment key-value pairs that should be set\n  --setenv NAME=VALUE             Set an environment variable\n  --stdout <stdout file path>     The path where stdout of the simulator will be redirected to (defaults to stdout of ios-sim)\n  --stderr <stderr file path>     The path where stderr of the simulator will be redirected to (defaults to stderr of ios-sim)\n  --timeout <seconds>             The timeout time to wait for a response from the Simulator. Default value: 30 seconds\n  --args <...>                    All following arguments will be passed on to the application\n```\n\nInstallation\n------------\n\nWith node.js (at least 0.10.20):\n\n    $ npm install ios-sim -g\n\nDownload an archive:\n\n    $ curl -L https://github.com/phonegap/ios-sim/zipball/2.0.0 -o ios-sim-2.0.0.zip\n    $ unzip ios-sim-2.0.0.zip\n\nOr from a git clone:\n\n    $ git clone git://github.com/phonegap/ios-sim.git\n\nThen build and install from the source root:\n\n    $ rake install prefix=/usr/local/\n\nTroubleshooting\n------------\n\nMake sure you enable Developer Mode on your machine:\n    \n    $ DevToolsSecurity -enable\n\nMake sure multiple instances of launchd_sim are not running:\n    \n    $ killall launchd_sim\n    \nDevelopment\n-----------\n\nWhen you want to release a version, do:\n\n    $ rake version:bump v=NEW_VERSION\n    $ rake release\n    $ npm version NEW_VERSION -m "Updated to npm version %s"\n    \ntmux\n-----\n\nTo get ios-sim to launch correctly within tmux use the reattach-to-user-namespace wrapper.\n\n```\nreattach-to-user-namespace ios-sim launch ./build/MyTestApp.app\n```\n*source:* https://github.com/ChrisJohnsen/tmux-MacOSX-pasteboard\n\n*brew:*  ```brew install reattach-to-user-namespace```\n\nLicense\n-------\n\nOriginal author: Landon Fuller <landonf@plausiblelabs.com>\nCopyright (c) 2008-2011 Plausible Labs Cooperative, Inc.\nAll rights reserved.\n\nThis project is available under the MIT license. See [LICENSE][license].\n\n[license]: https://github.com/phonegap/ios-sim/blob/master/LICENSE\n',
75 silly resolved     readmeFilename: 'README.md',
75 silly resolved     bugs: { url: 'https://github.com/phonegap/ios-sim/issues' },
75 silly resolved     homepage: 'https://github.com/phonegap/ios-sim',
75 silly resolved     _id: 'ios-sim@2.0.1',
75 silly resolved     _shasum: '764ce4f069ba4b2301ce2e4ae539510e839c95d1',
75 silly resolved     _from: 'ios-sim@',
75 silly resolved     _resolved: 'https://registry.npmjs.org/ios-sim/-/ios-sim-2.0.1.tgz' } ]
76 info install ios-sim@2.0.1 into /usr/local/lib
77 info installOne ios-sim@2.0.1
78 info /usr/local/lib/node_modules/ios-sim unbuild
79 verbose tar unpack /Users/dan/.npm/ios-sim/2.0.1/package.tgz
80 silly lockFile 5027580f-r-local-lib-node-modules-ios-sim tar:///usr/local/lib/node_modules/ios-sim
81 verbose lock tar:///usr/local/lib/node_modules/ios-sim /Users/dan/.npm/5027580f-r-local-lib-node-modules-ios-sim.lock
82 silly lockFile 2e62d0ec-an-npm-ios-sim-2-0-1-package-tgz tar:///Users/dan/.npm/ios-sim/2.0.1/package.tgz
83 verbose lock tar:///Users/dan/.npm/ios-sim/2.0.1/package.tgz /Users/dan/.npm/2e62d0ec-an-npm-ios-sim-2-0-1-package-tgz.lock
84 silly gunzTarPerm modes [ '755', '644' ]
85 silly gunzTarPerm extractEntry package.json
86 silly gunzTarPerm extractEntry .npmignore
87 silly gunzTarPerm extractEntry README.md
88 silly gunzTarPerm extractEntry LICENSE
89 silly gunzTarPerm extractEntry CoreSimulator/CoreSimulator.h
90 silly gunzTarPerm extractEntry DVTiPhoneSimulatorRemoteClient/DVTiPhoneSimulatorRemoteClient.h
91 silly gunzTarPerm extractEntry CONTRIBUTING.md
92 silly gunzTarPerm extractEntry Rakefile
93 silly gunzTarPerm extractEntry Source/.npmignore
94 silly gunzTarPerm extractEntry Source/NSString+expandPath.h
95 silly gunzTarPerm extractEntry Source/NSString+expandPath.m
96 silly gunzTarPerm extractEntry Source/iPhoneSimulator.h
97 silly gunzTarPerm extractEntry Source/iPhoneSimulator.m
98 silly gunzTarPerm extractEntry Source/main.m
99 silly gunzTarPerm extractEntry Source/nsprintf.h
100 silly gunzTarPerm extractEntry Source/nsprintf.m
101 silly gunzTarPerm extractEntry Source/version.h
102 silly gunzTarPerm extractEntry ios-sim.xcodeproj/.npmignore
103 silly gunzTarPerm extractEntry ios-sim.xcodeproj/project.pbxproj
104 silly gunzTarPerm extractEntry ios-sim.xcodeproj/xcshareddata/xcschemes/ios-sim.xcscheme
105 silly gunzTarPerm extractEntry ios-sim_Prefix.pch
106 silly gunzTarPerm extractEntry README.template.md
107 silly lockFile 5027580f-r-local-lib-node-modules-ios-sim tar:///usr/local/lib/node_modules/ios-sim
108 silly lockFile 5027580f-r-local-lib-node-modules-ios-sim tar:///usr/local/lib/node_modules/ios-sim
109 silly lockFile 2e62d0ec-an-npm-ios-sim-2-0-1-package-tgz tar:///Users/dan/.npm/ios-sim/2.0.1/package.tgz
110 silly lockFile 2e62d0ec-an-npm-ios-sim-2-0-1-package-tgz tar:///Users/dan/.npm/ios-sim/2.0.1/package.tgz
111 info preinstall ios-sim@2.0.1
112 verbose unsafe-perm in lifecycle false
113 info ios-sim@2.0.1 Failed to exec preinstall script
114 info /usr/local/lib/node_modules/ios-sim unbuild
115 info preuninstall ios-sim@2.0.1
116 info uninstall ios-sim@2.0.1
117 verbose true,/usr/local/lib/node_modules,/usr/local/lib/node_modules unbuild ios-sim@2.0.1
118 verbose /usr/local/bin,[object Object] binRoot
119 info postuninstall ios-sim@2.0.1
120 error ios-sim@2.0.1 preinstall: `rake build`
120 error Exit status 1
121 error Failed at the ios-sim@2.0.1 preinstall script.
121 error This is most likely a problem with the ios-sim package,
121 error not with npm itself.
121 error Tell the author that this fails on your system:
121 error     rake build
121 error You can get their info via:
121 error     npm owner ls ios-sim
121 error There is likely additional logging output above.
122 error System Darwin 13.3.0
123 error command "node" "/usr/local/bin/npm" "install" "-g" "ios-sim"
124 error cwd /Users/dan/Code/ionic/multistat
125 error node -v v0.10.30
126 error npm -v 1.4.9
127 error code ELIFECYCLE
128 verbose exit [ 1, true ]
