2014-08-09 19:53:49.041 MultiStat[5138:70b] Multi-tasking -> Device: YES, App: YES
2014-08-09 19:53:50.061 MultiStat[5138:70b] Unlimited access to network resources
2014-08-09 19:53:54.197 MultiStat[5138:70b] [CDVTimer][keyboard] 0.744998ms
2014-08-09 19:53:54.198 MultiStat[5138:70b] CDVPlugin class CDVStatusBar (pluginName: statusbar) does not exist.
2014-08-09 19:53:54.198 MultiStat[5138:70b] [CDVTimer][statusbar] 0.376999ms
2014-08-09 19:53:54.198 MultiStat[5138:70b] [CDVTimer][TotalPluginStartup] 2.022982ms
2014-08-09 19:53:55.548 MultiStat[5138:70b] Resetting plugins due to page load.
2014-08-09 19:53:57.916 MultiStat[5138:70b] Finished load of: file:///Users/dan/Library/Application%20Support/iPhone%20Simulator/7.1/Applications/EBAF86F3-FB77-4144-AAA2-62C3C8800952/MultiStat.app/www/index.html#/app/playlists
2014-08-09 19:53:59.434 MultiStat[5138:70b] Received memory warning.
2014-08-09 19:55:42.132 MultiStat[5412:70b] Multi-tasking -> Device: YES, App: YES
2014-08-09 19:55:42.162 MultiStat[5412:70b] Unlimited access to network resources
2014-08-09 19:55:42.206 MultiStat[5412:70b] [CDVTimer][keyboard] 0.118971ms
2014-08-09 19:55:42.207 MultiStat[5412:70b] CDVPlugin class CDVStatusBar (pluginName: statusbar) does not exist.
2014-08-09 19:55:42.207 MultiStat[5412:70b] [CDVTimer][statusbar] 0.563979ms
2014-08-09 19:55:42.208 MultiStat[5412:70b] [CDVTimer][TotalPluginStartup] 1.877010ms
2014-08-09 19:55:42.368 MultiStat[5412:70b] Resetting plugins due to page load.
2014-08-09 19:55:42.753 MultiStat[5412:70b] Finished load of: file:///Users/dan/Library/Application%20Support/iPhone%20Simulator/7.1/Applications/EBAF86F3-FB77-4144-AAA2-62C3C8800952/MultiStat.app/www/index.html#/app/playlists
2014-08-09 20:14:56.047 MultiStat[5775:70b] Multi-tasking -> Device: YES, App: YES
2014-08-09 20:14:56.064 MultiStat[5775:70b] Unlimited access to network resources
2014-08-09 20:14:56.100 MultiStat[5775:70b] [CDVTimer][keyboard] 0.064015ms
2014-08-09 20:14:56.100 MultiStat[5775:70b] CDVPlugin class CDVStatusBar (pluginName: statusbar) does not exist.
2014-08-09 20:14:56.101 MultiStat[5775:70b] [CDVTimer][statusbar] 0.426948ms
2014-08-09 20:14:56.101 MultiStat[5775:70b] [CDVTimer][TotalPluginStartup] 1.474023ms
2014-08-09 20:14:57.047 MultiStat[5775:70b] Resetting plugins due to page load.
2014-08-09 20:14:58.546 MultiStat[5775:70b] Finished load of: file:///Users/dan/Library/Application%20Support/iPhone%20Simulator/7.1/Applications/EBAF86F3-FB77-4144-AAA2-62C3C8800952/MultiStat.app/www/index.html#/app/playlists
2014-08-09 20:14:59.399 MultiStat[5775:70b] [{"block_shares":"0","confirmed_rewards":"0.0000468070917350","currency":"btc","estimated_rewards":0,"hashrate":"0","payout_history":"0.00249945","pool_hashrate":"252337388","round_shares":false},{"block_shares":"0","confirmed_rewards":"0.0654612854123116","currency":"cap","estimated_rewards":"0","hashrate":0,"payout_history":"0","pool_hashrate":99678,"round_shares":false},{"block_shares":"0","confirmed_rewards":"0.0002444827114232","currency":"cgb","estimated_rewards":"0","hashrate":0,"payout_history":"0","pool_hashrate":0,"round_shares":false},{"block_shares":"0","confirmed_rewards":"0.3429640441999999","currency":"dgc","estimated_rewards":"0","hashrate":0,"payout_history":"0","pool_hashrate":1720,"round_shares":false},{"block_shares":"0","confirmed_rewards":"9.3991598000000000","currency":"eac","estimated_rewards":"0","hashrate":0,"payout_history":"2.65503","pool_hashrate":90177,"round_shares":false},{"block_shares":"0","confirmed_rewards":"0.3662639700000001","currency":"frc","estimated_rewards":"0","hashrate":"0","payout_history":"4.68409","pool_hashrate":"186151","round_shares":false},{"block_shares":"0","confirmed_rewards":"0.0330657125000000","currency":"mec","estimated_rewards":"0","hashrate":"0","payout_history":"0","pool_hashrate":"27281","round_shares":false},{"block_shares":"0","confirmed_rewards":"0.0914309811000000","currency":"mnc","estimated_rewards":"0","hashrate":"0","payout_history":"0","pool_hashrate":"7821","round_shares":false},{"block_shares":"0","confirmed_rewards":"30.3567770000000000","currency":"moon","estimated_rewards":"0","hashrate":0,"payout_history":"0","pool_hashrate":12000,"round_shares":false},{"block_shares":"0","confirmed_rewards":"0.1692895500000000","currency":"ppc","estimated_rewards":"0","hashrate":"0","payout_history":"0","pool_hashrate":"4646662","round_shares":false},{"block_shares":"0","confirmed_rewards":"0.0792643020000000","currency":"pxc","estimated_rewards":"0","hashrate":"0","payout_history":"0","pool_hashrate":"8741","round_shares":false},{"block_shares":"0","confirmed_rewards":"0.0188963425000000","currency":"trc","estimated_rewards":"0","hashrate":"0","payout_history":"2.50782","pool_hashrate":"1205567","round_shares":false},{"block_shares":"0","confirmed_rewards":"0.0658838428000000","currency":"zet","estimated_rewards":"0","hashrate":"0","payout_history":"3.23653","pool_hashrate":"281313","round_shares":false}]
2014-08-09 20:17:24.860 MultiStat[5995:70b] Multi-tasking -> Device: YES, App: YES
2014-08-09 20:17:24.882 MultiStat[5995:70b] Unlimited access to network resources
2014-08-09 20:17:24.923 MultiStat[5995:70b] [CDVTimer][keyboard] 0.066996ms
2014-08-09 20:17:24.923 MultiStat[5995:70b] CDVPlugin class CDVStatusBar (pluginName: statusbar) does not exist.
2014-08-09 20:17:24.924 MultiStat[5995:70b] [CDVTimer][statusbar] 0.463009ms
2014-08-09 20:17:24.924 MultiStat[5995:70b] [CDVTimer][TotalPluginStartup] 1.520991ms
2014-08-09 20:17:25.640 MultiStat[5995:70b] Resetting plugins due to page load.
2014-08-09 20:17:26.384 MultiStat[5995:70b] Finished load of: file:///Users/dan/Library/Application%20Support/iPhone%20Simulator/7.1/Applications/EBAF86F3-FB77-4144-AAA2-62C3C8800952/MultiStat.app/www/index.html#/app/playlists
2014-08-09 20:17:26.994 MultiStat[5995:70b] [{"block_shares":"0","confirmed_rewards":"0.0000468070917350","currency":"btc","estimated_rewards":0,"hashrate":"0","payout_history":"0.00249945","pool_hashrate":"252337388","round_shares":false},{"block_shares":"0","confirmed_rewards":"0.0654612854123116","currency":"cap","estimated_rewards":"0","hashrate":0,"payout_history":"0","pool_hashrate":99678,"round_shares":false},{"block_shares":"0","confirmed_rewards":"0.0002444827114232","currency":"cgb","estimated_rewards":"0","hashrate":0,"payout_history":"0","pool_hashrate":0,"round_shares":false},{"block_shares":"0","confirmed_rewards":"0.3429640441999999","currency":"dgc","estimated_rewards":"0","hashrate":0,"payout_history":"0","pool_hashrate":1720,"round_shares":false},{"block_shares":"0","confirmed_rewards":"9.3991598000000000","currency":"eac","estimated_rewards":"0","hashrate":0,"payout_history":"2.65503","pool_hashrate":90177,"round_shares":false},{"block_shares":"0","confirmed_rewards":"0.3662639700000001","currency":"frc","estimated_rewards":"0","hashrate":"0","payout_history":"4.68409","pool_hashrate":"186151","round_shares":false},{"block_shares":"0","confirmed_rewards":"0.0330657125000000","currency":"mec","estimated_rewards":"0","hashrate":"0","payout_history":"0","pool_hashrate":"27281","round_shares":false},{"block_shares":"0","confirmed_rewards":"0.0914309811000000","currency":"mnc","estimated_rewards":"0","hashrate":"0","payout_history":"0","pool_hashrate":"7821","round_shares":false},{"block_shares":"0","confirmed_rewards":"30.3567770000000000","currency":"moon","estimated_rewards":"0","hashrate":0,"payout_history":"0","pool_hashrate":12000,"round_shares":false},{"block_shares":"0","confirmed_rewards":"0.1692895500000000","currency":"ppc","estimated_rewards":"0","hashrate":"0","payout_history":"0","pool_hashrate":"4646662","round_shares":false},{"block_shares":"0","confirmed_rewards":"0.0792643020000000","currency":"pxc","estimated_rewards":"0","hashrate":"0","payout_history":"0","pool_hashrate":"8741","round_shares":false},{"block_shares":"0","confirmed_rewards":"0.0188963425000000","currency":"trc","estimated_rewards":"0","hashrate":"0","payout_history":"2.50782","pool_hashrate":"1205567","round_shares":false},{"block_shares":"0","confirmed_rewards":"0.0658838428000000","currency":"zet","estimated_rewards":"0","hashrate":"0","payout_history":"3.23653","pool_hashrate":"281313","round_shares":false}]
2014-08-09 20:17:27.261 MultiStat[5995:70b] THREAD WARNING: ['Console'] took '266.939941' ms. Plugin should use a background thread.
